<?xml-stylesheet type='text/xsl' href='../resultface.xsl'?><testsuite tests="2" failures="0" errors="2" skipped="0" time="0.018" name="module 'hty_filter_resource'">
  <testcase time="0.008" name="hty_filter_resource_tests:empty_chain_test/0_0">
    <error type="error">
::in function hty_echo_resource:handle/1
  called as handle(mockhtx)
in call from hty_filter_resource_tests:empty_chain_test/0 (src/test/erlang/hty_filter_resource_tests.erl, line 21)
in call from hty_filter_resource_tests:empty_chain_test/0
**error:undef
    </error>
    <system-out>
    </system-out>
  </testcase>
  <testcase time="0.004" name="hty_filter_resource_tests:noop_filter_test/0_0">
    <error type="error">
::in function hty_noop_filter:new/1
  called as new(hty_echo_resource)
in call from lists:foldl/3 (lists.erl, line 1261)
in call from hty_filter_resource:handle/2 (src/main/erlang/hty_filter_resource.erl, line 26)
in call from hty_filter_resource_tests:noop_filter_test/0 (src/test/erlang/hty_filter_resource_tests.erl, line 26)
in call from hty_filter_resource_tests:noop_filter_test/0
**error:undef
    </error>
    <system-out>
    </system-out>
  </testcase>
</testsuite>
