<?xml-stylesheet type='text/xsl' href='../resultface.xsl'?><testsuite tests="0" failures="0" errors="0" skipped="0" time="0.000" name="module 'hty_percentencoding'">
</testsuite>
