<?xml-stylesheet type='text/xsl' href='../resultface.xsl'?><testsuite tests="1" failures="0" errors="1" skipped="0" time="0.003" name="module 'hty_date'">
  <testcase time="0.000" name="hty_date_tests:t0_test/0_0" description="module 'hty_date_tests'">
    <error type="error">
::in function hty_date_tests:t0_test/0 (src/test/erlang/hty_date_tests.erl, line 9)
**error:{badmatch,"1970-01-01T00:00:00.00"}
    </error>
    <system-out>
    </system-out>
  </testcase>
</testsuite>
