<?xml-stylesheet type='text/xsl' href='../resultface.xsl'?><testsuite tests="1" failures="0" errors="1" skipped="0" time="0.003" name="module 'hty_spaf'">
  <testcase time="0.000" name="hty_spaf_tests:0 binder_noschema_test (module 'hty_spaf_tests')">
    <error type="error">
::in function hty_spaf_tests:binder_noschema_test/0 (src/test/erlang/hty_spaf_tests.erl, line 22)
**error:{badmatch,#Fun&lt;hty_spaf.2.11899829&gt;}
    </error>
    <system-out>
    </system-out>
  </testcase>
</testsuite>
